

Started GET "/" for ::1 at 2015-06-27 11:08:06 +0800
  [1m[36mActiveRecord::SchemaMigration Load (59.5ms)[0m  [1mSELECT "schema_migrations".* FROM "schema_migrations"[0m
  [1m[35mPermission Load (16.8ms)[0m  SELECT "permissions".* FROM "permissions"
Processing by HomeController#index as HTML
Redirected to http://localhost:3000/user/session/new
Filter chain halted as :login_required rendered or redirected
Completed 302 Found in 19ms (ActiveRecord: 0.0ms)


Started GET "/" for ::1 at 2015-06-27 11:08:07 +0800
Processing by HomeController#index as HTML
Redirected to http://localhost:3000/user/session/new
Filter chain halted as :login_required rendered or redirected
Completed 302 Found in 1ms (ActiveRecord: 0.0ms)


Started GET "/user/session/new" for ::1 at 2015-06-27 11:08:07 +0800
Processing by User::SessionController#new as HTML
  Rendered user/session/new.html.erb within layouts/application (2.3ms)
Completed 200 OK in 199ms (Views: 198.1ms | ActiveRecord: 0.0ms)


Started POST "/user/session/" for ::1 at 2015-06-27 11:08:15 +0800
Processing by User::SessionController#create as HTML
  Parameters: {"authenticity_token"=>"K3WQYafr2yo9c1ikmPvtIhHD1zQtQC3TrhsPoUwwq9QySDRCk+PWugv4Lz/cHgGcU6Doj3GFiSEboQRZ26fCVg==", "login"=>"super", "password"=>"[FILTERED]"}
  [1m[36mUser Load (44.6ms)[0m  [1mSELECT  "users".* FROM "users" WHERE "users"."login" = $1 LIMIT 1[0m  [["login", "super"]]
Redirected to http://localhost:3000/
Completed 302 Found in 123ms (ActiveRecord: 65.3ms)


Started GET "/" for ::1 at 2015-06-27 11:08:15 +0800
Processing by HomeController#index as HTML
  [1m[35mUser Load (0.5ms)[0m  SELECT  "users".* FROM "users" WHERE "users"."id" = $1 LIMIT 1  [["id", -1]]
Completed 500 Internal Server Error in 8ms (ActiveRecord: 1.5ms)

Guardian::AccessDenied (access this resource is denied for you.):
  lib/guardian/controller_extensions.rb:23:in `authorize!'


  Rendered /Users/pandai01/.rvm/gems/ruby-2.2.1@global/gems/actionpack-4.2.2/lib/action_dispatch/middleware/templates/rescues/_source.erb (4.7ms)
  Rendered /Users/pandai01/.rvm/gems/ruby-2.2.1@global/gems/actionpack-4.2.2/lib/action_dispatch/middleware/templates/rescues/_trace.html.erb (2.0ms)
  Rendered /Users/pandai01/.rvm/gems/ruby-2.2.1@global/gems/actionpack-4.2.2/lib/action_dispatch/middleware/templates/rescues/_request_and_response.html.erb (0.8ms)
  Rendered /Users/pandai01/.rvm/gems/ruby-2.2.1@global/gems/actionpack-4.2.2/lib/action_dispatch/middleware/templates/rescues/diagnostics.html.erb within rescues/layout (75.4ms)
  Rendered /Users/pandai01/.rvm/gems/ruby-2.2.1/gems/web-console-2.1.3/lib/web_console/templates/_markup.html.erb (0.3ms)
  Rendered /Users/pandai01/.rvm/gems/ruby-2.2.1/gems/web-console-2.1.3/lib/web_console/templates/style.css.erb within layouts/inlined_string (0.4ms)
  Rendered /Users/pandai01/.rvm/gems/ruby-2.2.1/gems/web-console-2.1.3/lib/web_console/templates/_inner_console_markup.html.erb within layouts/inlined_string (0.3ms)
  Rendered /Users/pandai01/.rvm/gems/ruby-2.2.1/gems/web-console-2.1.3/lib/web_console/templates/_prompt_box_markup.html.erb within layouts/inlined_string (0.2ms)
  Rendered /Users/pandai01/.rvm/gems/ruby-2.2.1/gems/web-console-2.1.3/lib/web_console/templates/console.js.erb within layouts/javascript (55.9ms)
  Rendered /Users/pandai01/.rvm/gems/ruby-2.2.1/gems/web-console-2.1.3/lib/web_console/templates/main.js.erb within layouts/javascript (0.4ms)
  Rendered /Users/pandai01/.rvm/gems/ruby-2.2.1/gems/web-console-2.1.3/lib/web_console/templates/error_page.js.erb within layouts/javascript (0.4ms)
  Rendered /Users/pandai01/.rvm/gems/ruby-2.2.1/gems/web-console-2.1.3/lib/web_console/templates/index.html.erb (126.4ms)


Started GET "/" for ::1 at 2015-06-27 11:09:57 +0800
  [1m[36mPermission Load (0.4ms)[0m  [1mSELECT "permissions".* FROM "permissions"[0m

ArgumentError (You tried to define an association named permit_items on the model ActiveRecord::Base, but this will conflict with a method permit_items already defined by Active Record. Please choose a different association name.):
  lib/guardian/resourceable.rb:7:in `invoke_resourceable_engine'
  lib/guardian/resourceable.rb:20:in `included'
  lib/guardian.rb:11:in `include'
  lib/guardian.rb:11:in `<top (required)>'
  config/initializers/lib_reload.rb:6:in `block (3 levels) in <top (required)>'
  config/initializers/lib_reload.rb:6:in `block (2 levels) in <top (required)>'
  config/initializers/lib_reload.rb:5:in `each'
  config/initializers/lib_reload.rb:5:in `block in <top (required)>'
  config/initializers/lib_reload.rb:11:in `block in <top (required)>'


  Rendered /Users/pandai01/.rvm/gems/ruby-2.2.1@global/gems/actionpack-4.2.2/lib/action_dispatch/middleware/templates/rescues/_source.erb (7.3ms)
  Rendered /Users/pandai01/.rvm/gems/ruby-2.2.1@global/gems/actionpack-4.2.2/lib/action_dispatch/middleware/templates/rescues/_trace.html.erb (3.9ms)
  Rendered /Users/pandai01/.rvm/gems/ruby-2.2.1@global/gems/actionpack-4.2.2/lib/action_dispatch/middleware/templates/rescues/_request_and_response.html.erb (1.5ms)
  Rendered /Users/pandai01/.rvm/gems/ruby-2.2.1@global/gems/actionpack-4.2.2/lib/action_dispatch/middleware/templates/rescues/diagnostics.html.erb within rescues/layout (69.2ms)
  Rendered /Users/pandai01/.rvm/gems/ruby-2.2.1/gems/web-console-2.1.3/lib/web_console/templates/_markup.html.erb (0.3ms)
  Rendered /Users/pandai01/.rvm/gems/ruby-2.2.1/gems/web-console-2.1.3/lib/web_console/templates/style.css.erb within layouts/inlined_string (0.3ms)
  Rendered /Users/pandai01/.rvm/gems/ruby-2.2.1/gems/web-console-2.1.3/lib/web_console/templates/_inner_console_markup.html.erb within layouts/inlined_string (0.2ms)
  Rendered /Users/pandai01/.rvm/gems/ruby-2.2.1/gems/web-console-2.1.3/lib/web_console/templates/_prompt_box_markup.html.erb within layouts/inlined_string (0.5ms)
  Rendered /Users/pandai01/.rvm/gems/ruby-2.2.1/gems/web-console-2.1.3/lib/web_console/templates/console.js.erb within layouts/javascript (47.5ms)
  Rendered /Users/pandai01/.rvm/gems/ruby-2.2.1/gems/web-console-2.1.3/lib/web_console/templates/main.js.erb within layouts/javascript (0.4ms)
  Rendered /Users/pandai01/.rvm/gems/ruby-2.2.1/gems/web-console-2.1.3/lib/web_console/templates/error_page.js.erb within layouts/javascript (0.4ms)
  Rendered /Users/pandai01/.rvm/gems/ruby-2.2.1/gems/web-console-2.1.3/lib/web_console/templates/index.html.erb (111.0ms)


Started GET "/" for ::1 at 2015-06-27 11:29:48 +0800
  [1m[36mActiveRecord::SchemaMigration Load (0.4ms)[0m  [1mSELECT "schema_migrations".* FROM "schema_migrations"[0m
  [1m[35mPermission Load (0.4ms)[0m  SELECT "permissions".* FROM "permissions"
Processing by HomeController#index as HTML
  [1m[36mUser Load (0.3ms)[0m  [1mSELECT  "users".* FROM "users" WHERE "users"."id" = $1 LIMIT 1[0m  [["id", -1]]
Completed 500 Internal Server Error in 63ms (ActiveRecord: 2.9ms)

Guardian::AccessDenied (access this resource is denied for you.):
  lib/guardian/controller_extensions.rb:23:in `authorize!'


  Rendered /Users/pandai01/.rvm/gems/ruby-2.2.1@global/gems/actionpack-4.2.2/lib/action_dispatch/middleware/templates/rescues/_source.erb (4.4ms)
  Rendered /Users/pandai01/.rvm/gems/ruby-2.2.1@global/gems/actionpack-4.2.2/lib/action_dispatch/middleware/templates/rescues/_trace.html.erb (2.2ms)
  Rendered /Users/pandai01/.rvm/gems/ruby-2.2.1@global/gems/actionpack-4.2.2/lib/action_dispatch/middleware/templates/rescues/_request_and_response.html.erb (1.0ms)
  Rendered /Users/pandai01/.rvm/gems/ruby-2.2.1@global/gems/actionpack-4.2.2/lib/action_dispatch/middleware/templates/rescues/diagnostics.html.erb within rescues/layout (65.1ms)
  Rendered /Users/pandai01/.rvm/gems/ruby-2.2.1/gems/web-console-2.1.3/lib/web_console/templates/_markup.html.erb (0.3ms)
  Rendered /Users/pandai01/.rvm/gems/ruby-2.2.1/gems/web-console-2.1.3/lib/web_console/templates/style.css.erb within layouts/inlined_string (0.3ms)
  Rendered /Users/pandai01/.rvm/gems/ruby-2.2.1/gems/web-console-2.1.3/lib/web_console/templates/_inner_console_markup.html.erb within layouts/inlined_string (0.3ms)
  Rendered /Users/pandai01/.rvm/gems/ruby-2.2.1/gems/web-console-2.1.3/lib/web_console/templates/_prompt_box_markup.html.erb within layouts/inlined_string (0.2ms)
  Rendered /Users/pandai01/.rvm/gems/ruby-2.2.1/gems/web-console-2.1.3/lib/web_console/templates/console.js.erb within layouts/javascript (46.6ms)
  Rendered /Users/pandai01/.rvm/gems/ruby-2.2.1/gems/web-console-2.1.3/lib/web_console/templates/main.js.erb within layouts/javascript (0.3ms)
  Rendered /Users/pandai01/.rvm/gems/ruby-2.2.1/gems/web-console-2.1.3/lib/web_console/templates/error_page.js.erb within layouts/javascript (0.3ms)
  Rendered /Users/pandai01/.rvm/gems/ruby-2.2.1/gems/web-console-2.1.3/lib/web_console/templates/index.html.erb (104.9ms)


Started GET "/" for ::1 at 2015-06-27 11:32:23 +0800
  [1m[35mPermission Load (0.4ms)[0m  SELECT "permissions".* FROM "permissions"

ArgumentError (You tried to define an association named permit_items on the model ActiveRecord::Base, but this will conflict with a method permit_items already defined by Active Record. Please choose a different association name.):
  lib/guardian/resourceable.rb:8:in `invoke_resourceable_engine'
  lib/guardian/resourceable.rb:21:in `included'
  lib/guardian.rb:11:in `include'
  lib/guardian.rb:11:in `<top (required)>'
  config/initializers/lib_reload.rb:6:in `block (3 levels) in <top (required)>'
  config/initializers/lib_reload.rb:6:in `block (2 levels) in <top (required)>'
  config/initializers/lib_reload.rb:5:in `each'
  config/initializers/lib_reload.rb:5:in `block in <top (required)>'
  config/initializers/lib_reload.rb:11:in `block in <top (required)>'


  Rendered /Users/pandai01/.rvm/gems/ruby-2.2.1@global/gems/actionpack-4.2.2/lib/action_dispatch/middleware/templates/rescues/_source.erb (3.9ms)
  Rendered /Users/pandai01/.rvm/gems/ruby-2.2.1@global/gems/actionpack-4.2.2/lib/action_dispatch/middleware/templates/rescues/_trace.html.erb (1.8ms)
  Rendered /Users/pandai01/.rvm/gems/ruby-2.2.1@global/gems/actionpack-4.2.2/lib/action_dispatch/middleware/templates/rescues/_request_and_response.html.erb (0.8ms)
  Rendered /Users/pandai01/.rvm/gems/ruby-2.2.1@global/gems/actionpack-4.2.2/lib/action_dispatch/middleware/templates/rescues/diagnostics.html.erb within rescues/layout (62.8ms)
  Rendered /Users/pandai01/.rvm/gems/ruby-2.2.1/gems/web-console-2.1.3/lib/web_console/templates/_markup.html.erb (0.2ms)
  Rendered /Users/pandai01/.rvm/gems/ruby-2.2.1/gems/web-console-2.1.3/lib/web_console/templates/style.css.erb within layouts/inlined_string (0.3ms)
  Rendered /Users/pandai01/.rvm/gems/ruby-2.2.1/gems/web-console-2.1.3/lib/web_console/templates/_inner_console_markup.html.erb within layouts/inlined_string (0.5ms)
  Rendered /Users/pandai01/.rvm/gems/ruby-2.2.1/gems/web-console-2.1.3/lib/web_console/templates/_prompt_box_markup.html.erb within layouts/inlined_string (0.2ms)
  Rendered /Users/pandai01/.rvm/gems/ruby-2.2.1/gems/web-console-2.1.3/lib/web_console/templates/console.js.erb within layouts/javascript (52.2ms)
  Rendered /Users/pandai01/.rvm/gems/ruby-2.2.1/gems/web-console-2.1.3/lib/web_console/templates/main.js.erb within layouts/javascript (0.3ms)
  Rendered /Users/pandai01/.rvm/gems/ruby-2.2.1/gems/web-console-2.1.3/lib/web_console/templates/error_page.js.erb within layouts/javascript (0.4ms)
  Rendered /Users/pandai01/.rvm/gems/ruby-2.2.1/gems/web-console-2.1.3/lib/web_console/templates/index.html.erb (106.4ms)


Started GET "/" for ::1 at 2015-06-27 11:33:36 +0800
  [1m[36mActiveRecord::SchemaMigration Load (0.4ms)[0m  [1mSELECT "schema_migrations".* FROM "schema_migrations"[0m
  [1m[35mPermission Load (0.5ms)[0m  SELECT "permissions".* FROM "permissions"
Processing by HomeController#index as HTML
  [1m[36mUser Load (0.3ms)[0m  [1mSELECT  "users".* FROM "users" WHERE "users"."id" = $1 LIMIT 1[0m  [["id", -1]]
Completed 500 Internal Server Error in 34ms (ActiveRecord: 3.6ms)

Guardian::AccessDenied (access this resource is denied for you.):
  lib/guardian/controller_extensions.rb:23:in `authorize!'


  Rendered /Users/pandai01/.rvm/gems/ruby-2.2.1@global/gems/actionpack-4.2.2/lib/action_dispatch/middleware/templates/rescues/_source.erb (4.5ms)
  Rendered /Users/pandai01/.rvm/gems/ruby-2.2.1@global/gems/actionpack-4.2.2/lib/action_dispatch/middleware/templates/rescues/_trace.html.erb (2.8ms)
  Rendered /Users/pandai01/.rvm/gems/ruby-2.2.1@global/gems/actionpack-4.2.2/lib/action_dispatch/middleware/templates/rescues/_request_and_response.html.erb (0.9ms)
  Rendered /Users/pandai01/.rvm/gems/ruby-2.2.1@global/gems/actionpack-4.2.2/lib/action_dispatch/middleware/templates/rescues/diagnostics.html.erb within rescues/layout (72.9ms)
  Rendered /Users/pandai01/.rvm/gems/ruby-2.2.1/gems/web-console-2.1.3/lib/web_console/templates/_markup.html.erb (0.4ms)
  Rendered /Users/pandai01/.rvm/gems/ruby-2.2.1/gems/web-console-2.1.3/lib/web_console/templates/style.css.erb within layouts/inlined_string (0.3ms)
  Rendered /Users/pandai01/.rvm/gems/ruby-2.2.1/gems/web-console-2.1.3/lib/web_console/templates/_inner_console_markup.html.erb within layouts/inlined_string (0.3ms)
  Rendered /Users/pandai01/.rvm/gems/ruby-2.2.1/gems/web-console-2.1.3/lib/web_console/templates/_prompt_box_markup.html.erb within layouts/inlined_string (0.3ms)
  Rendered /Users/pandai01/.rvm/gems/ruby-2.2.1/gems/web-console-2.1.3/lib/web_console/templates/console.js.erb within layouts/javascript (50.6ms)
  Rendered /Users/pandai01/.rvm/gems/ruby-2.2.1/gems/web-console-2.1.3/lib/web_console/templates/main.js.erb within layouts/javascript (0.3ms)
  Rendered /Users/pandai01/.rvm/gems/ruby-2.2.1/gems/web-console-2.1.3/lib/web_console/templates/error_page.js.erb within layouts/javascript (0.4ms)
  Rendered /Users/pandai01/.rvm/gems/ruby-2.2.1/gems/web-console-2.1.3/lib/web_console/templates/index.html.erb (116.0ms)


Started GET "/" for ::1 at 2015-06-27 11:33:47 +0800
Processing by HomeController#index as HTML
  [1m[35mUser Load (0.3ms)[0m  SELECT  "users".* FROM "users" WHERE "users"."id" = $1 LIMIT 1  [["id", -1]]
Completed 500 Internal Server Error in 5ms (ActiveRecord: 0.3ms)

Guardian::AccessDenied (access this resource is denied for you.):
  lib/guardian/controller_extensions.rb:23:in `authorize!'


  Rendered /Users/pandai01/.rvm/gems/ruby-2.2.1@global/gems/actionpack-4.2.2/lib/action_dispatch/middleware/templates/rescues/_source.erb (5.6ms)
  Rendered /Users/pandai01/.rvm/gems/ruby-2.2.1@global/gems/actionpack-4.2.2/lib/action_dispatch/middleware/templates/rescues/_trace.html.erb (2.0ms)
  Rendered /Users/pandai01/.rvm/gems/ruby-2.2.1@global/gems/actionpack-4.2.2/lib/action_dispatch/middleware/templates/rescues/_request_and_response.html.erb (0.8ms)
  Rendered /Users/pandai01/.rvm/gems/ruby-2.2.1@global/gems/actionpack-4.2.2/lib/action_dispatch/middleware/templates/rescues/diagnostics.html.erb within rescues/layout (67.7ms)
  Rendered /Users/pandai01/.rvm/gems/ruby-2.2.1/gems/web-console-2.1.3/lib/web_console/templates/_markup.html.erb (0.2ms)
  Rendered /Users/pandai01/.rvm/gems/ruby-2.2.1/gems/web-console-2.1.3/lib/web_console/templates/style.css.erb within layouts/inlined_string (0.3ms)
  Rendered /Users/pandai01/.rvm/gems/ruby-2.2.1/gems/web-console-2.1.3/lib/web_console/templates/_inner_console_markup.html.erb within layouts/inlined_string (0.4ms)
  Rendered /Users/pandai01/.rvm/gems/ruby-2.2.1/gems/web-console-2.1.3/lib/web_console/templates/_prompt_box_markup.html.erb within layouts/inlined_string (0.3ms)
  Rendered /Users/pandai01/.rvm/gems/ruby-2.2.1/gems/web-console-2.1.3/lib/web_console/templates/console.js.erb within layouts/javascript (48.4ms)
  Rendered /Users/pandai01/.rvm/gems/ruby-2.2.1/gems/web-console-2.1.3/lib/web_console/templates/main.js.erb within layouts/javascript (0.4ms)
  Rendered /Users/pandai01/.rvm/gems/ruby-2.2.1/gems/web-console-2.1.3/lib/web_console/templates/error_page.js.erb within layouts/javascript (0.3ms)
  Rendered /Users/pandai01/.rvm/gems/ruby-2.2.1/gems/web-console-2.1.3/lib/web_console/templates/index.html.erb (101.8ms)


Started GET "/" for ::1 at 2015-06-27 11:34:44 +0800
Processing by HomeController#index as HTML
  [1m[36mUser Load (0.5ms)[0m  [1mSELECT  "users".* FROM "users" WHERE "users"."id" = $1 LIMIT 1[0m  [["id", -1]]
Completed 500 Internal Server Error in 11ms (ActiveRecord: 2.0ms)

NoMethodError (undefined method `owned_permissions' for #<User:0x007fa110b12de0>):
  lib/guardian/machine.rb:28:in `initialize'
  lib/guardian/controller_extensions.rb:20:in `new'
  lib/guardian/controller_extensions.rb:20:in `authorize!'


  Rendered /Users/pandai01/.rvm/gems/ruby-2.2.1@global/gems/actionpack-4.2.2/lib/action_dispatch/middleware/templates/rescues/_source.erb (8.8ms)
  Rendered /Users/pandai01/.rvm/gems/ruby-2.2.1@global/gems/actionpack-4.2.2/lib/action_dispatch/middleware/templates/rescues/_trace.html.erb (1.9ms)
  Rendered /Users/pandai01/.rvm/gems/ruby-2.2.1@global/gems/actionpack-4.2.2/lib/action_dispatch/middleware/templates/rescues/_request_and_response.html.erb (1.0ms)
  Rendered /Users/pandai01/.rvm/gems/ruby-2.2.1@global/gems/actionpack-4.2.2/lib/action_dispatch/middleware/templates/rescues/diagnostics.html.erb within rescues/layout (69.4ms)
  Rendered /Users/pandai01/.rvm/gems/ruby-2.2.1/gems/web-console-2.1.3/lib/web_console/templates/_markup.html.erb (0.3ms)
  Rendered /Users/pandai01/.rvm/gems/ruby-2.2.1/gems/web-console-2.1.3/lib/web_console/templates/style.css.erb within layouts/inlined_string (0.3ms)
  Rendered /Users/pandai01/.rvm/gems/ruby-2.2.1/gems/web-console-2.1.3/lib/web_console/templates/_inner_console_markup.html.erb within layouts/inlined_string (0.2ms)
  Rendered /Users/pandai01/.rvm/gems/ruby-2.2.1/gems/web-console-2.1.3/lib/web_console/templates/_prompt_box_markup.html.erb within layouts/inlined_string (0.2ms)
  Rendered /Users/pandai01/.rvm/gems/ruby-2.2.1/gems/web-console-2.1.3/lib/web_console/templates/console.js.erb within layouts/javascript (44.3ms)
  Rendered /Users/pandai01/.rvm/gems/ruby-2.2.1/gems/web-console-2.1.3/lib/web_console/templates/main.js.erb within layouts/javascript (0.2ms)
  Rendered /Users/pandai01/.rvm/gems/ruby-2.2.1/gems/web-console-2.1.3/lib/web_console/templates/error_page.js.erb within layouts/javascript (0.3ms)
  Rendered /Users/pandai01/.rvm/gems/ruby-2.2.1/gems/web-console-2.1.3/lib/web_console/templates/index.html.erb (97.2ms)


Started GET "/" for ::1 at 2015-06-27 11:57:46 +0800
  [1m[36mActiveRecord::SchemaMigration Load (0.4ms)[0m  [1mSELECT "schema_migrations".* FROM "schema_migrations"[0m
  [1m[35mPermission Load (0.5ms)[0m  SELECT "permissions".* FROM "permissions"
Processing by HomeController#index as HTML
  [1m[36mUser Load (0.4ms)[0m  [1mSELECT  "users".* FROM "users" WHERE "users"."id" = $1 LIMIT 1[0m  [["id", -1]]
Completed 500 Internal Server Error in 38ms (ActiveRecord: 3.2ms)

Guardian::AccessDenied (access this resource is denied for you.):
  lib/guardian/controller_extensions.rb:23:in `authorize!'


  Rendered /Users/pandai01/.rvm/gems/ruby-2.2.1@global/gems/actionpack-4.2.2/lib/action_dispatch/middleware/templates/rescues/_source.erb (4.5ms)
  Rendered /Users/pandai01/.rvm/gems/ruby-2.2.1@global/gems/actionpack-4.2.2/lib/action_dispatch/middleware/templates/rescues/_trace.html.erb (6.1ms)
  Rendered /Users/pandai01/.rvm/gems/ruby-2.2.1@global/gems/actionpack-4.2.2/lib/action_dispatch/middleware/templates/rescues/_request_and_response.html.erb (0.9ms)
  Rendered /Users/pandai01/.rvm/gems/ruby-2.2.1@global/gems/actionpack-4.2.2/lib/action_dispatch/middleware/templates/rescues/diagnostics.html.erb within rescues/layout (71.3ms)
  Rendered /Users/pandai01/.rvm/gems/ruby-2.2.1/gems/web-console-2.1.3/lib/web_console/templates/_markup.html.erb (0.3ms)
  Rendered /Users/pandai01/.rvm/gems/ruby-2.2.1/gems/web-console-2.1.3/lib/web_console/templates/style.css.erb within layouts/inlined_string (0.3ms)
  Rendered /Users/pandai01/.rvm/gems/ruby-2.2.1/gems/web-console-2.1.3/lib/web_console/templates/_inner_console_markup.html.erb within layouts/inlined_string (0.2ms)
  Rendered /Users/pandai01/.rvm/gems/ruby-2.2.1/gems/web-console-2.1.3/lib/web_console/templates/_prompt_box_markup.html.erb within layouts/inlined_string (0.2ms)
  Rendered /Users/pandai01/.rvm/gems/ruby-2.2.1/gems/web-console-2.1.3/lib/web_console/templates/console.js.erb within layouts/javascript (44.9ms)
  Rendered /Users/pandai01/.rvm/gems/ruby-2.2.1/gems/web-console-2.1.3/lib/web_console/templates/main.js.erb within layouts/javascript (0.4ms)
  Rendered /Users/pandai01/.rvm/gems/ruby-2.2.1/gems/web-console-2.1.3/lib/web_console/templates/error_page.js.erb within layouts/javascript (0.3ms)
  Rendered /Users/pandai01/.rvm/gems/ruby-2.2.1/gems/web-console-2.1.3/lib/web_console/templates/index.html.erb (104.8ms)


Started GET "/" for ::1 at 2015-06-27 11:57:49 +0800
Processing by HomeController#index as HTML
  [1m[35mUser Load (0.3ms)[0m  SELECT  "users".* FROM "users" WHERE "users"."id" = $1 LIMIT 1  [["id", -1]]
Completed 500 Internal Server Error in 9ms (ActiveRecord: 0.3ms)

Guardian::AccessDenied (access this resource is denied for you.):
  lib/guardian/controller_extensions.rb:23:in `authorize!'


  Rendered /Users/pandai01/.rvm/gems/ruby-2.2.1@global/gems/actionpack-4.2.2/lib/action_dispatch/middleware/templates/rescues/_source.erb (5.6ms)
  Rendered /Users/pandai01/.rvm/gems/ruby-2.2.1@global/gems/actionpack-4.2.2/lib/action_dispatch/middleware/templates/rescues/_trace.html.erb (2.1ms)
  Rendered /Users/pandai01/.rvm/gems/ruby-2.2.1@global/gems/actionpack-4.2.2/lib/action_dispatch/middleware/templates/rescues/_request_and_response.html.erb (1.0ms)
  Rendered /Users/pandai01/.rvm/gems/ruby-2.2.1@global/gems/actionpack-4.2.2/lib/action_dispatch/middleware/templates/rescues/diagnostics.html.erb within rescues/layout (65.7ms)
  Rendered /Users/pandai01/.rvm/gems/ruby-2.2.1/gems/web-console-2.1.3/lib/web_console/templates/_markup.html.erb (0.2ms)
  Rendered /Users/pandai01/.rvm/gems/ruby-2.2.1/gems/web-console-2.1.3/lib/web_console/templates/style.css.erb within layouts/inlined_string (0.3ms)
  Rendered /Users/pandai01/.rvm/gems/ruby-2.2.1/gems/web-console-2.1.3/lib/web_console/templates/_inner_console_markup.html.erb within layouts/inlined_string (0.3ms)
  Rendered /Users/pandai01/.rvm/gems/ruby-2.2.1/gems/web-console-2.1.3/lib/web_console/templates/_prompt_box_markup.html.erb within layouts/inlined_string (0.3ms)
  Rendered /Users/pandai01/.rvm/gems/ruby-2.2.1/gems/web-console-2.1.3/lib/web_console/templates/console.js.erb within layouts/javascript (47.8ms)
  Rendered /Users/pandai01/.rvm/gems/ruby-2.2.1/gems/web-console-2.1.3/lib/web_console/templates/main.js.erb within layouts/javascript (0.3ms)
  Rendered /Users/pandai01/.rvm/gems/ruby-2.2.1/gems/web-console-2.1.3/lib/web_console/templates/error_page.js.erb within layouts/javascript (0.4ms)
  Rendered /Users/pandai01/.rvm/gems/ruby-2.2.1/gems/web-console-2.1.3/lib/web_console/templates/index.html.erb (111.6ms)


Started GET "/" for ::1 at 2015-06-27 11:57:52 +0800
Processing by HomeController#index as HTML
  [1m[36mUser Load (0.3ms)[0m  [1mSELECT  "users".* FROM "users" WHERE "users"."id" = $1 LIMIT 1[0m  [["id", -1]]
Completed 500 Internal Server Error in 8ms (ActiveRecord: 0.3ms)

Guardian::AccessDenied (access this resource is denied for you.):
  lib/guardian/controller_extensions.rb:23:in `authorize!'


  Rendered /Users/pandai01/.rvm/gems/ruby-2.2.1@global/gems/actionpack-4.2.2/lib/action_dispatch/middleware/templates/rescues/_source.erb (4.7ms)
  Rendered /Users/pandai01/.rvm/gems/ruby-2.2.1@global/gems/actionpack-4.2.2/lib/action_dispatch/middleware/templates/rescues/_trace.html.erb (2.7ms)
  Rendered /Users/pandai01/.rvm/gems/ruby-2.2.1@global/gems/actionpack-4.2.2/lib/action_dispatch/middleware/templates/rescues/_request_and_response.html.erb (0.9ms)
  Rendered /Users/pandai01/.rvm/gems/ruby-2.2.1@global/gems/actionpack-4.2.2/lib/action_dispatch/middleware/templates/rescues/diagnostics.html.erb within rescues/layout (69.6ms)
  Rendered /Users/pandai01/.rvm/gems/ruby-2.2.1/gems/web-console-2.1.3/lib/web_console/templates/_markup.html.erb (0.3ms)
  Rendered /Users/pandai01/.rvm/gems/ruby-2.2.1/gems/web-console-2.1.3/lib/web_console/templates/style.css.erb within layouts/inlined_string (0.3ms)
  Rendered /Users/pandai01/.rvm/gems/ruby-2.2.1/gems/web-console-2.1.3/lib/web_console/templates/_inner_console_markup.html.erb within layouts/inlined_string (0.3ms)
  Rendered /Users/pandai01/.rvm/gems/ruby-2.2.1/gems/web-console-2.1.3/lib/web_console/templates/_prompt_box_markup.html.erb within layouts/inlined_string (0.2ms)
  Rendered /Users/pandai01/.rvm/gems/ruby-2.2.1/gems/web-console-2.1.3/lib/web_console/templates/console.js.erb within layouts/javascript (46.0ms)
  Rendered /Users/pandai01/.rvm/gems/ruby-2.2.1/gems/web-console-2.1.3/lib/web_console/templates/main.js.erb within layouts/javascript (0.3ms)
  Rendered /Users/pandai01/.rvm/gems/ruby-2.2.1/gems/web-console-2.1.3/lib/web_console/templates/error_page.js.erb within layouts/javascript (0.4ms)
  Rendered /Users/pandai01/.rvm/gems/ruby-2.2.1/gems/web-console-2.1.3/lib/web_console/templates/index.html.erb (107.9ms)


Started GET "/" for ::1 at 2015-06-27 11:58:44 +0800
  [1m[35mPermission Load (0.3ms)[0m  SELECT "permissions".* FROM "permissions"
Processing by HomeController#index as HTML
  [1m[36mUser Load (0.2ms)[0m  [1mSELECT  "users".* FROM "users" WHERE "users"."id" = $1 LIMIT 1[0m  [["id", -1]]
Completed 500 Internal Server Error in 17ms (ActiveRecord: 3.0ms)

Guardian::AccessDenied (access this resource is denied for you.):
  lib/guardian/controller_extensions.rb:23:in `authorize!'


  Rendered /Users/pandai01/.rvm/gems/ruby-2.2.1@global/gems/actionpack-4.2.2/lib/action_dispatch/middleware/templates/rescues/_source.erb (4.3ms)
  Rendered /Users/pandai01/.rvm/gems/ruby-2.2.1@global/gems/actionpack-4.2.2/lib/action_dispatch/middleware/templates/rescues/_trace.html.erb (1.9ms)
  Rendered /Users/pandai01/.rvm/gems/ruby-2.2.1@global/gems/actionpack-4.2.2/lib/action_dispatch/middleware/templates/rescues/_request_and_response.html.erb (0.8ms)
  Rendered /Users/pandai01/.rvm/gems/ruby-2.2.1@global/gems/actionpack-4.2.2/lib/action_dispatch/middleware/templates/rescues/diagnostics.html.erb within rescues/layout (66.4ms)
  Rendered /Users/pandai01/.rvm/gems/ruby-2.2.1/gems/web-console-2.1.3/lib/web_console/templates/_markup.html.erb (0.3ms)
  Rendered /Users/pandai01/.rvm/gems/ruby-2.2.1/gems/web-console-2.1.3/lib/web_console/templates/style.css.erb within layouts/inlined_string (0.3ms)
  Rendered /Users/pandai01/.rvm/gems/ruby-2.2.1/gems/web-console-2.1.3/lib/web_console/templates/_inner_console_markup.html.erb within layouts/inlined_string (0.3ms)
  Rendered /Users/pandai01/.rvm/gems/ruby-2.2.1/gems/web-console-2.1.3/lib/web_console/templates/_prompt_box_markup.html.erb within layouts/inlined_string (0.3ms)
  Rendered /Users/pandai01/.rvm/gems/ruby-2.2.1/gems/web-console-2.1.3/lib/web_console/templates/console.js.erb within layouts/javascript (49.6ms)
  Rendered /Users/pandai01/.rvm/gems/ruby-2.2.1/gems/web-console-2.1.3/lib/web_console/templates/main.js.erb within layouts/javascript (0.3ms)
  Rendered /Users/pandai01/.rvm/gems/ruby-2.2.1/gems/web-console-2.1.3/lib/web_console/templates/error_page.js.erb within layouts/javascript (0.4ms)
  Rendered /Users/pandai01/.rvm/gems/ruby-2.2.1/gems/web-console-2.1.3/lib/web_console/templates/index.html.erb (103.6ms)


Started GET "/" for ::1 at 2015-06-27 12:01:56 +0800
  [1m[35mPermission Load (0.3ms)[0m  SELECT "permissions".* FROM "permissions"
Processing by HomeController#index as HTML
  [1m[36mUser Load (0.2ms)[0m  [1mSELECT  "users".* FROM "users" WHERE "users"."id" = $1 LIMIT 1[0m  [["id", -1]]
Completed 500 Internal Server Error in 18ms (ActiveRecord: 2.8ms)

Guardian::AccessDenied (access this resource is denied for you.):
  lib/guardian/controller_extensions.rb:23:in `authorize!'


  Rendered /Users/pandai01/.rvm/gems/ruby-2.2.1@global/gems/actionpack-4.2.2/lib/action_dispatch/middleware/templates/rescues/_source.erb (4.3ms)
  Rendered /Users/pandai01/.rvm/gems/ruby-2.2.1@global/gems/actionpack-4.2.2/lib/action_dispatch/middleware/templates/rescues/_trace.html.erb (1.8ms)
  Rendered /Users/pandai01/.rvm/gems/ruby-2.2.1@global/gems/actionpack-4.2.2/lib/action_dispatch/middleware/templates/rescues/_request_and_response.html.erb (0.9ms)
  Rendered /Users/pandai01/.rvm/gems/ruby-2.2.1@global/gems/actionpack-4.2.2/lib/action_dispatch/middleware/templates/rescues/diagnostics.html.erb within rescues/layout (62.3ms)
  Rendered /Users/pandai01/.rvm/gems/ruby-2.2.1/gems/web-console-2.1.3/lib/web_console/templates/_markup.html.erb (0.4ms)
  Rendered /Users/pandai01/.rvm/gems/ruby-2.2.1/gems/web-console-2.1.3/lib/web_console/templates/style.css.erb within layouts/inlined_string (0.4ms)
  Rendered /Users/pandai01/.rvm/gems/ruby-2.2.1/gems/web-console-2.1.3/lib/web_console/templates/_inner_console_markup.html.erb within layouts/inlined_string (0.2ms)
  Rendered /Users/pandai01/.rvm/gems/ruby-2.2.1/gems/web-console-2.1.3/lib/web_console/templates/_prompt_box_markup.html.erb within layouts/inlined_string (0.2ms)
  Rendered /Users/pandai01/.rvm/gems/ruby-2.2.1/gems/web-console-2.1.3/lib/web_console/templates/console.js.erb within layouts/javascript (44.4ms)
  Rendered /Users/pandai01/.rvm/gems/ruby-2.2.1/gems/web-console-2.1.3/lib/web_console/templates/main.js.erb within layouts/javascript (0.3ms)
  Rendered /Users/pandai01/.rvm/gems/ruby-2.2.1/gems/web-console-2.1.3/lib/web_console/templates/error_page.js.erb within layouts/javascript (0.5ms)
  Rendered /Users/pandai01/.rvm/gems/ruby-2.2.1/gems/web-console-2.1.3/lib/web_console/templates/index.html.erb (97.6ms)


Started GET "/" for ::1 at 2015-06-27 12:05:03 +0800
  [1m[35mPermission Load (0.2ms)[0m  SELECT "permissions".* FROM "permissions"
Processing by HomeController#index as HTML
  [1m[36mUser Load (0.2ms)[0m  [1mSELECT  "users".* FROM "users" WHERE "users"."id" = $1 LIMIT 1[0m  [["id", -1]]
Completed 500 Internal Server Error in 16ms (ActiveRecord: 3.0ms)

Guardian::AccessDenied (access this resource is denied for you.):
  lib/guardian/controller_extensions.rb:23:in `authorize!'


  Rendered /Users/pandai01/.rvm/gems/ruby-2.2.1@global/gems/actionpack-4.2.2/lib/action_dispatch/middleware/templates/rescues/_source.erb (4.8ms)
  Rendered /Users/pandai01/.rvm/gems/ruby-2.2.1@global/gems/actionpack-4.2.2/lib/action_dispatch/middleware/templates/rescues/_trace.html.erb (2.4ms)
  Rendered /Users/pandai01/.rvm/gems/ruby-2.2.1@global/gems/actionpack-4.2.2/lib/action_dispatch/middleware/templates/rescues/_request_and_response.html.erb (0.8ms)
  Rendered /Users/pandai01/.rvm/gems/ruby-2.2.1@global/gems/actionpack-4.2.2/lib/action_dispatch/middleware/templates/rescues/diagnostics.html.erb within rescues/layout (70.7ms)
  Rendered /Users/pandai01/.rvm/gems/ruby-2.2.1/gems/web-console-2.1.3/lib/web_console/templates/_markup.html.erb (0.4ms)
  Rendered /Users/pandai01/.rvm/gems/ruby-2.2.1/gems/web-console-2.1.3/lib/web_console/templates/style.css.erb within layouts/inlined_string (0.4ms)
  Rendered /Users/pandai01/.rvm/gems/ruby-2.2.1/gems/web-console-2.1.3/lib/web_console/templates/_inner_console_markup.html.erb within layouts/inlined_string (0.4ms)
  Rendered /Users/pandai01/.rvm/gems/ruby-2.2.1/gems/web-console-2.1.3/lib/web_console/templates/_prompt_box_markup.html.erb within layouts/inlined_string (0.3ms)
  Rendered /Users/pandai01/.rvm/gems/ruby-2.2.1/gems/web-console-2.1.3/lib/web_console/templates/console.js.erb within layouts/javascript (49.0ms)
  Rendered /Users/pandai01/.rvm/gems/ruby-2.2.1/gems/web-console-2.1.3/lib/web_console/templates/main.js.erb within layouts/javascript (0.3ms)
  Rendered /Users/pandai01/.rvm/gems/ruby-2.2.1/gems/web-console-2.1.3/lib/web_console/templates/error_page.js.erb within layouts/javascript (0.5ms)
  Rendered /Users/pandai01/.rvm/gems/ruby-2.2.1/gems/web-console-2.1.3/lib/web_console/templates/index.html.erb (107.8ms)


Started GET "/" for ::1 at 2015-06-27 12:06:25 +0800
  [1m[35mPermission Load (0.4ms)[0m  SELECT "permissions".* FROM "permissions"
Processing by HomeController#index as HTML
  [1m[36mUser Load (0.2ms)[0m  [1mSELECT  "users".* FROM "users" WHERE "users"."id" = $1 LIMIT 1[0m  [["id", -1]]
Completed 500 Internal Server Error in 17ms (ActiveRecord: 3.3ms)

Guardian::AccessDenied (access this resource is denied for you.):
  lib/guardian/controller_extensions.rb:23:in `authorize!'


  Rendered /Users/pandai01/.rvm/gems/ruby-2.2.1@global/gems/actionpack-4.2.2/lib/action_dispatch/middleware/templates/rescues/_source.erb (4.8ms)
  Rendered /Users/pandai01/.rvm/gems/ruby-2.2.1@global/gems/actionpack-4.2.2/lib/action_dispatch/middleware/templates/rescues/_trace.html.erb (2.5ms)
  Rendered /Users/pandai01/.rvm/gems/ruby-2.2.1@global/gems/actionpack-4.2.2/lib/action_dispatch/middleware/templates/rescues/_request_and_response.html.erb (1.0ms)
  Rendered /Users/pandai01/.rvm/gems/ruby-2.2.1@global/gems/actionpack-4.2.2/lib/action_dispatch/middleware/templates/rescues/diagnostics.html.erb within rescues/layout (67.2ms)
  Rendered /Users/pandai01/.rvm/gems/ruby-2.2.1/gems/web-console-2.1.3/lib/web_console/templates/_markup.html.erb (0.4ms)
  Rendered /Users/pandai01/.rvm/gems/ruby-2.2.1/gems/web-console-2.1.3/lib/web_console/templates/style.css.erb within layouts/inlined_string (0.4ms)
  Rendered /Users/pandai01/.rvm/gems/ruby-2.2.1/gems/web-console-2.1.3/lib/web_console/templates/_inner_console_markup.html.erb within layouts/inlined_string (0.3ms)
  Rendered /Users/pandai01/.rvm/gems/ruby-2.2.1/gems/web-console-2.1.3/lib/web_console/templates/_prompt_box_markup.html.erb within layouts/inlined_string (0.4ms)
  Rendered /Users/pandai01/.rvm/gems/ruby-2.2.1/gems/web-console-2.1.3/lib/web_console/templates/console.js.erb within layouts/javascript (45.5ms)
  Rendered /Users/pandai01/.rvm/gems/ruby-2.2.1/gems/web-console-2.1.3/lib/web_console/templates/main.js.erb within layouts/javascript (0.4ms)
  Rendered /Users/pandai01/.rvm/gems/ruby-2.2.1/gems/web-console-2.1.3/lib/web_console/templates/error_page.js.erb within layouts/javascript (0.5ms)
  Rendered /Users/pandai01/.rvm/gems/ruby-2.2.1/gems/web-console-2.1.3/lib/web_console/templates/index.html.erb (104.5ms)


Started GET "/" for ::1 at 2015-06-27 12:07:05 +0800
  [1m[35mPermission Load (0.4ms)[0m  SELECT "permissions".* FROM "permissions"
Processing by HomeController#index as HTML
  [1m[36mUser Load (0.2ms)[0m  [1mSELECT  "users".* FROM "users" WHERE "users"."id" = $1 LIMIT 1[0m  [["id", -1]]
Completed 500 Internal Server Error in 15ms (ActiveRecord: 2.8ms)

Guardian::AccessDenied (access this resource is denied for you.):
  lib/guardian/controller_extensions.rb:23:in `authorize!'


  Rendered /Users/pandai01/.rvm/gems/ruby-2.2.1@global/gems/actionpack-4.2.2/lib/action_dispatch/middleware/templates/rescues/_source.erb (3.9ms)
  Rendered /Users/pandai01/.rvm/gems/ruby-2.2.1@global/gems/actionpack-4.2.2/lib/action_dispatch/middleware/templates/rescues/_trace.html.erb (1.7ms)
  Rendered /Users/pandai01/.rvm/gems/ruby-2.2.1@global/gems/actionpack-4.2.2/lib/action_dispatch/middleware/templates/rescues/_request_and_response.html.erb (0.9ms)
  Rendered /Users/pandai01/.rvm/gems/ruby-2.2.1@global/gems/actionpack-4.2.2/lib/action_dispatch/middleware/templates/rescues/diagnostics.html.erb within rescues/layout (66.2ms)
  Rendered /Users/pandai01/.rvm/gems/ruby-2.2.1/gems/web-console-2.1.3/lib/web_console/templates/_markup.html.erb (0.2ms)
  Rendered /Users/pandai01/.rvm/gems/ruby-2.2.1/gems/web-console-2.1.3/lib/web_console/templates/style.css.erb within layouts/inlined_string (0.3ms)
  Rendered /Users/pandai01/.rvm/gems/ruby-2.2.1/gems/web-console-2.1.3/lib/web_console/templates/_inner_console_markup.html.erb within layouts/inlined_string (0.3ms)
  Rendered /Users/pandai01/.rvm/gems/ruby-2.2.1/gems/web-console-2.1.3/lib/web_console/templates/_prompt_box_markup.html.erb within layouts/inlined_string (0.3ms)
  Rendered /Users/pandai01/.rvm/gems/ruby-2.2.1/gems/web-console-2.1.3/lib/web_console/templates/console.js.erb within layouts/javascript (48.0ms)
  Rendered /Users/pandai01/.rvm/gems/ruby-2.2.1/gems/web-console-2.1.3/lib/web_console/templates/main.js.erb within layouts/javascript (0.5ms)
  Rendered /Users/pandai01/.rvm/gems/ruby-2.2.1/gems/web-console-2.1.3/lib/web_console/templates/error_page.js.erb within layouts/javascript (0.4ms)
  Rendered /Users/pandai01/.rvm/gems/ruby-2.2.1/gems/web-console-2.1.3/lib/web_console/templates/index.html.erb (106.1ms)


Started GET "/" for ::1 at 2015-06-27 12:08:38 +0800
  [1m[35mPermission Load (0.2ms)[0m  SELECT "permissions".* FROM "permissions"
Processing by HomeController#index as HTML
  [1m[36mUser Load (0.3ms)[0m  [1mSELECT  "users".* FROM "users" WHERE "users"."id" = $1 LIMIT 1[0m  [["id", -1]]
Completed 500 Internal Server Error in 15ms (ActiveRecord: 3.6ms)

Guardian::AccessDenied (access this resource is denied for you.):
  lib/guardian/controller_extensions.rb:23:in `authorize!'


  Rendered /Users/pandai01/.rvm/gems/ruby-2.2.1@global/gems/actionpack-4.2.2/lib/action_dispatch/middleware/templates/rescues/_source.erb (4.3ms)
  Rendered /Users/pandai01/.rvm/gems/ruby-2.2.1@global/gems/actionpack-4.2.2/lib/action_dispatch/middleware/templates/rescues/_trace.html.erb (1.9ms)
  Rendered /Users/pandai01/.rvm/gems/ruby-2.2.1@global/gems/actionpack-4.2.2/lib/action_dispatch/middleware/templates/rescues/_request_and_response.html.erb (0.9ms)
  Rendered /Users/pandai01/.rvm/gems/ruby-2.2.1@global/gems/actionpack-4.2.2/lib/action_dispatch/middleware/templates/rescues/diagnostics.html.erb within rescues/layout (63.0ms)
  Rendered /Users/pandai01/.rvm/gems/ruby-2.2.1/gems/web-console-2.1.3/lib/web_console/templates/_markup.html.erb (0.4ms)
  Rendered /Users/pandai01/.rvm/gems/ruby-2.2.1/gems/web-console-2.1.3/lib/web_console/templates/style.css.erb within layouts/inlined_string (0.4ms)
  Rendered /Users/pandai01/.rvm/gems/ruby-2.2.1/gems/web-console-2.1.3/lib/web_console/templates/_inner_console_markup.html.erb within layouts/inlined_string (0.6ms)
  Rendered /Users/pandai01/.rvm/gems/ruby-2.2.1/gems/web-console-2.1.3/lib/web_console/templates/_prompt_box_markup.html.erb within layouts/inlined_string (0.5ms)
  Rendered /Users/pandai01/.rvm/gems/ruby-2.2.1/gems/web-console-2.1.3/lib/web_console/templates/console.js.erb within layouts/javascript (48.9ms)
  Rendered /Users/pandai01/.rvm/gems/ruby-2.2.1/gems/web-console-2.1.3/lib/web_console/templates/main.js.erb within layouts/javascript (0.3ms)
  Rendered /Users/pandai01/.rvm/gems/ruby-2.2.1/gems/web-console-2.1.3/lib/web_console/templates/error_page.js.erb within layouts/javascript (0.5ms)
  Rendered /Users/pandai01/.rvm/gems/ruby-2.2.1/gems/web-console-2.1.3/lib/web_console/templates/index.html.erb (107.3ms)


Started GET "/" for ::1 at 2015-06-27 12:11:32 +0800
  [1m[35mPermission Load (0.3ms)[0m  SELECT "permissions".* FROM "permissions"
Processing by HomeController#index as HTML
  [1m[36mUser Load (0.3ms)[0m  [1mSELECT  "users".* FROM "users" WHERE "users"."id" = $1 LIMIT 1[0m  [["id", -1]]
Completed 500 Internal Server Error in 20ms (ActiveRecord: 3.3ms)

Guardian::AccessDenied (access this resource is denied for you.):
  lib/guardian/controller_extensions.rb:23:in `authorize!'


  Rendered /Users/pandai01/.rvm/gems/ruby-2.2.1@global/gems/actionpack-4.2.2/lib/action_dispatch/middleware/templates/rescues/_source.erb (5.4ms)
  Rendered /Users/pandai01/.rvm/gems/ruby-2.2.1@global/gems/actionpack-4.2.2/lib/action_dispatch/middleware/templates/rescues/_trace.html.erb (2.1ms)
  Rendered /Users/pandai01/.rvm/gems/ruby-2.2.1@global/gems/actionpack-4.2.2/lib/action_dispatch/middleware/templates/rescues/_request_and_response.html.erb (1.3ms)
  Rendered /Users/pandai01/.rvm/gems/ruby-2.2.1@global/gems/actionpack-4.2.2/lib/action_dispatch/middleware/templates/rescues/diagnostics.html.erb within rescues/layout (66.5ms)
  Rendered /Users/pandai01/.rvm/gems/ruby-2.2.1/gems/web-console-2.1.3/lib/web_console/templates/_markup.html.erb (0.2ms)
  Rendered /Users/pandai01/.rvm/gems/ruby-2.2.1/gems/web-console-2.1.3/lib/web_console/templates/style.css.erb within layouts/inlined_string (0.5ms)
  Rendered /Users/pandai01/.rvm/gems/ruby-2.2.1/gems/web-console-2.1.3/lib/web_console/templates/_inner_console_markup.html.erb within layouts/inlined_string (0.3ms)
  Rendered /Users/pandai01/.rvm/gems/ruby-2.2.1/gems/web-console-2.1.3/lib/web_console/templates/_prompt_box_markup.html.erb within layouts/inlined_string (0.4ms)
  Rendered /Users/pandai01/.rvm/gems/ruby-2.2.1/gems/web-console-2.1.3/lib/web_console/templates/console.js.erb within layouts/javascript (47.1ms)
  Rendered /Users/pandai01/.rvm/gems/ruby-2.2.1/gems/web-console-2.1.3/lib/web_console/templates/main.js.erb within layouts/javascript (0.4ms)
  Rendered /Users/pandai01/.rvm/gems/ruby-2.2.1/gems/web-console-2.1.3/lib/web_console/templates/error_page.js.erb within layouts/javascript (0.4ms)
  Rendered /Users/pandai01/.rvm/gems/ruby-2.2.1/gems/web-console-2.1.3/lib/web_console/templates/index.html.erb (101.7ms)


Started GET "/" for ::1 at 2015-06-27 12:12:13 +0800
  [1m[35mPermission Load (0.3ms)[0m  SELECT "permissions".* FROM "permissions"
Processing by HomeController#index as HTML
  [1m[36mUser Load (0.2ms)[0m  [1mSELECT  "users".* FROM "users" WHERE "users"."id" = $1 LIMIT 1[0m  [["id", -1]]
Completed 500 Internal Server Error in 19ms (ActiveRecord: 2.8ms)

Guardian::AccessDenied (access this resource is denied for you.):
  lib/guardian/controller_extensions.rb:23:in `authorize!'


  Rendered /Users/pandai01/.rvm/gems/ruby-2.2.1@global/gems/actionpack-4.2.2/lib/action_dispatch/middleware/templates/rescues/_source.erb (4.4ms)
  Rendered /Users/pandai01/.rvm/gems/ruby-2.2.1@global/gems/actionpack-4.2.2/lib/action_dispatch/middleware/templates/rescues/_trace.html.erb (2.7ms)
  Rendered /Users/pandai01/.rvm/gems/ruby-2.2.1@global/gems/actionpack-4.2.2/lib/action_dispatch/middleware/templates/rescues/_request_and_response.html.erb (1.0ms)
  Rendered /Users/pandai01/.rvm/gems/ruby-2.2.1@global/gems/actionpack-4.2.2/lib/action_dispatch/middleware/templates/rescues/diagnostics.html.erb within rescues/layout (71.3ms)
  Rendered /Users/pandai01/.rvm/gems/ruby-2.2.1/gems/web-console-2.1.3/lib/web_console/templates/_markup.html.erb (0.4ms)
  Rendered /Users/pandai01/.rvm/gems/ruby-2.2.1/gems/web-console-2.1.3/lib/web_console/templates/style.css.erb within layouts/inlined_string (0.3ms)
  Rendered /Users/pandai01/.rvm/gems/ruby-2.2.1/gems/web-console-2.1.3/lib/web_console/templates/_inner_console_markup.html.erb within layouts/inlined_string (0.4ms)
  Rendered /Users/pandai01/.rvm/gems/ruby-2.2.1/gems/web-console-2.1.3/lib/web_console/templates/_prompt_box_markup.html.erb within layouts/inlined_string (0.4ms)
  Rendered /Users/pandai01/.rvm/gems/ruby-2.2.1/gems/web-console-2.1.3/lib/web_console/templates/console.js.erb within layouts/javascript (49.3ms)
  Rendered /Users/pandai01/.rvm/gems/ruby-2.2.1/gems/web-console-2.1.3/lib/web_console/templates/main.js.erb within layouts/javascript (0.3ms)
  Rendered /Users/pandai01/.rvm/gems/ruby-2.2.1/gems/web-console-2.1.3/lib/web_console/templates/error_page.js.erb within layouts/javascript (0.3ms)
  Rendered /Users/pandai01/.rvm/gems/ruby-2.2.1/gems/web-console-2.1.3/lib/web_console/templates/index.html.erb (106.9ms)


Started GET "/" for ::1 at 2015-06-27 12:14:40 +0800
  [1m[35mPermission Load (0.4ms)[0m  SELECT "permissions".* FROM "permissions"
Processing by HomeController#index as HTML
  [1m[36mUser Load (0.2ms)[0m  [1mSELECT  "users".* FROM "users" WHERE "users"."id" = $1 LIMIT 1[0m  [["id", -1]]
  Rendered home/index.html.erb within layouts/application (0.3ms)
Completed 200 OK in 216ms (Views: 161.5ms | ActiveRecord: 3.5ms)


Started GET "/assets/application.self-f9e7c1541e1b8783561468c59162bd896007380f5a3799ef2169d3a3fdf40bed.css?body=1" for ::1 at 2015-06-27 12:14:40 +0800


Started GET "/assets/home.self-e3b0c44298fc1c149afbf4c8996fb92427ae41e4649b934ca495991b7852b855.css?body=1" for ::1 at 2015-06-27 12:14:40 +0800


Started GET "/assets/scaffolds.self-38d52eb687f11b8044d6415826d7489bc9d46f62495ea8f0cc24398a3edd50fa.css?body=1" for ::1 at 2015-06-27 12:14:40 +0800


Started GET "/assets/user/session.self-e3b0c44298fc1c149afbf4c8996fb92427ae41e4649b934ca495991b7852b855.css?body=1" for ::1 at 2015-06-27 12:14:40 +0800


Started GET "/assets/archieves.self-e3b0c44298fc1c149afbf4c8996fb92427ae41e4649b934ca495991b7852b855.css?body=1" for ::1 at 2015-06-27 12:14:40 +0800


Started GET "/assets/user/register.self-e3b0c44298fc1c149afbf4c8996fb92427ae41e4649b934ca495991b7852b855.css?body=1" for ::1 at 2015-06-27 12:14:40 +0800


Started GET "/assets/application.self-2a9d99e1665e91b99493bdc03113b6a062f268c8689f945f24923993fdaa462a.js?body=1" for ::1 at 2015-06-27 12:14:40 +0800


Started GET "/" for ::1 at 2015-06-27 12:15:32 +0800
  [1m[35mPermission Load (0.3ms)[0m  SELECT "permissions".* FROM "permissions"
Processing by HomeController#index as HTML
  [1m[36mUser Load (0.2ms)[0m  [1mSELECT  "users".* FROM "users" WHERE "users"."id" = $1 LIMIT 1[0m  [["id", -1]]
  Rendered home/index.html.erb within layouts/application (0.0ms)
Completed 200 OK in 36ms (Views: 18.0ms | ActiveRecord: 2.8ms)


Started GET "/assets/application.self-f9e7c1541e1b8783561468c59162bd896007380f5a3799ef2169d3a3fdf40bed.css?body=1" for ::1 at 2015-06-27 12:15:32 +0800


Started GET "/assets/home.self-e3b0c44298fc1c149afbf4c8996fb92427ae41e4649b934ca495991b7852b855.css?body=1" for ::1 at 2015-06-27 12:15:33 +0800


Started GET "/assets/user/register.self-e3b0c44298fc1c149afbf4c8996fb92427ae41e4649b934ca495991b7852b855.css?body=1" for ::1 at 2015-06-27 12:15:33 +0800


Started GET "/assets/user/session.self-e3b0c44298fc1c149afbf4c8996fb92427ae41e4649b934ca495991b7852b855.css?body=1" for ::1 at 2015-06-27 12:15:33 +0800


Started GET "/assets/scaffolds.self-38d52eb687f11b8044d6415826d7489bc9d46f62495ea8f0cc24398a3edd50fa.css?body=1" for ::1 at 2015-06-27 12:15:33 +0800


Started GET "/assets/archieves.self-e3b0c44298fc1c149afbf4c8996fb92427ae41e4649b934ca495991b7852b855.css?body=1" for ::1 at 2015-06-27 12:15:33 +0800


Started GET "/assets/application.self-2a9d99e1665e91b99493bdc03113b6a062f268c8689f945f24923993fdaa462a.js?body=1" for ::1 at 2015-06-27 12:15:33 +0800


Started GET "/" for ::1 at 2015-06-27 12:15:40 +0800
Processing by HomeController#index as HTML
  [1m[35mUser Load (0.3ms)[0m  SELECT  "users".* FROM "users" WHERE "users"."id" = $1 LIMIT 1  [["id", -1]]
  Rendered home/index.html.erb within layouts/application (0.1ms)
Completed 200 OK in 22ms (Views: 17.1ms | ActiveRecord: 0.3ms)


Started GET "/assets/application.self-f9e7c1541e1b8783561468c59162bd896007380f5a3799ef2169d3a3fdf40bed.css?body=1" for ::1 at 2015-06-27 12:15:40 +0800


Started GET "/assets/home.self-e3b0c44298fc1c149afbf4c8996fb92427ae41e4649b934ca495991b7852b855.css?body=1" for ::1 at 2015-06-27 12:15:40 +0800


Started GET "/assets/archieves.self-e3b0c44298fc1c149afbf4c8996fb92427ae41e4649b934ca495991b7852b855.css?body=1" for ::1 at 2015-06-27 12:15:40 +0800


Started GET "/assets/scaffolds.self-38d52eb687f11b8044d6415826d7489bc9d46f62495ea8f0cc24398a3edd50fa.css?body=1" for ::1 at 2015-06-27 12:15:40 +0800


Started GET "/assets/user/register.self-e3b0c44298fc1c149afbf4c8996fb92427ae41e4649b934ca495991b7852b855.css?body=1" for ::1 at 2015-06-27 12:15:40 +0800


Started GET "/assets/user/session.self-e3b0c44298fc1c149afbf4c8996fb92427ae41e4649b934ca495991b7852b855.css?body=1" for ::1 at 2015-06-27 12:15:40 +0800


Started GET "/assets/application.self-2a9d99e1665e91b99493bdc03113b6a062f268c8689f945f24923993fdaa462a.js?body=1" for ::1 at 2015-06-27 12:15:40 +0800


Started GET "/" for ::1 at 2015-06-27 12:16:01 +0800
  [1m[36mPermission Load (0.3ms)[0m  [1mSELECT "permissions".* FROM "permissions"[0m
Processing by HomeController#index as HTML
  [1m[35mUser Load (0.2ms)[0m  SELECT  "users".* FROM "users" WHERE "users"."id" = $1 LIMIT 1  [["id", -1]]
  Rendered home/index.html.erb within layouts/application (0.0ms)
Completed 200 OK in 50ms (Views: 23.0ms | ActiveRecord: 2.6ms)


Started GET "/assets/home.self-e3b0c44298fc1c149afbf4c8996fb92427ae41e4649b934ca495991b7852b855.css?body=1" for ::1 at 2015-06-27 12:16:01 +0800


Started GET "/assets/application.self-f9e7c1541e1b8783561468c59162bd896007380f5a3799ef2169d3a3fdf40bed.css?body=1" for ::1 at 2015-06-27 12:16:01 +0800


Started GET "/assets/archieves.self-e3b0c44298fc1c149afbf4c8996fb92427ae41e4649b934ca495991b7852b855.css?body=1" for ::1 at 2015-06-27 12:16:01 +0800


Started GET "/assets/scaffolds.self-38d52eb687f11b8044d6415826d7489bc9d46f62495ea8f0cc24398a3edd50fa.css?body=1" for ::1 at 2015-06-27 12:16:01 +0800


Started GET "/assets/user/register.self-e3b0c44298fc1c149afbf4c8996fb92427ae41e4649b934ca495991b7852b855.css?body=1" for ::1 at 2015-06-27 12:16:01 +0800


Started GET "/assets/user/session.self-e3b0c44298fc1c149afbf4c8996fb92427ae41e4649b934ca495991b7852b855.css?body=1" for ::1 at 2015-06-27 12:16:01 +0800


Started GET "/assets/application.self-2a9d99e1665e91b99493bdc03113b6a062f268c8689f945f24923993fdaa462a.js?body=1" for ::1 at 2015-06-27 12:16:01 +0800


Started GET "/" for ::1 at 2015-06-27 12:18:34 +0800
  [1m[36mPermission Load (0.4ms)[0m  [1mSELECT "permissions".* FROM "permissions"[0m
Processing by HomeController#index as HTML
  [1m[35mUser Load (0.2ms)[0m  SELECT  "users".* FROM "users" WHERE "users"."id" = $1 LIMIT 1  [["id", -1]]
  Rendered home/index.html.erb within layouts/application (0.0ms)
Completed 200 OK in 37ms (Views: 19.0ms | ActiveRecord: 3.3ms)


Started GET "/assets/archieves.self-e3b0c44298fc1c149afbf4c8996fb92427ae41e4649b934ca495991b7852b855.css?body=1" for ::1 at 2015-06-27 12:18:34 +0800


Started GET "/assets/application.self-f9e7c1541e1b8783561468c59162bd896007380f5a3799ef2169d3a3fdf40bed.css?body=1" for ::1 at 2015-06-27 12:18:34 +0800


Started GET "/assets/scaffolds.self-38d52eb687f11b8044d6415826d7489bc9d46f62495ea8f0cc24398a3edd50fa.css?body=1" for ::1 at 2015-06-27 12:18:34 +0800


Started GET "/assets/user/session.self-e3b0c44298fc1c149afbf4c8996fb92427ae41e4649b934ca495991b7852b855.css?body=1" for ::1 at 2015-06-27 12:18:34 +0800


Started GET "/assets/home.self-e3b0c44298fc1c149afbf4c8996fb92427ae41e4649b934ca495991b7852b855.css?body=1" for ::1 at 2015-06-27 12:18:34 +0800


Started GET "/assets/user/register.self-e3b0c44298fc1c149afbf4c8996fb92427ae41e4649b934ca495991b7852b855.css?body=1" for ::1 at 2015-06-27 12:18:34 +0800


Started GET "/assets/application.self-2a9d99e1665e91b99493bdc03113b6a062f268c8689f945f24923993fdaa462a.js?body=1" for ::1 at 2015-06-27 12:18:34 +0800
